app/api/areas/[id]/route.ts(97,14): error TS2551: Property 'employeess' does not exist on type '{ employees: { id: string; createdAt: Date; updatedAt: Date; userId: string; dni: string; firstName: string; lastName: string; birthDate: Date; hireDate: Date; areaId: string; ... 10 more ...; totalAvailableHours: number; }[]; } & { ...; }'. Did you mean 'employees'?
app/api/employees/[id]/route.ts(26,35): error TS2551: Property 'employeess' does not exist on type 'PrismaClient<PrismaClientOptions, never, DefaultArgs>'. Did you mean 'employees'?
app/api/employees/[id]/route.ts(95,43): error TS2551: Property 'employeess' does not exist on type 'PrismaClient<PrismaClientOptions, never, DefaultArgs>'. Did you mean 'employees'?
app/api/employees/[id]/route.ts(123,48): error TS2551: Property 'employeess' does not exist on type 'PrismaClient<PrismaClientOptions, never, DefaultArgs>'. Did you mean 'employees'?
app/api/employees/[id]/route.ts(148,44): error TS2551: Property 'employeess' does not exist on type 'Omit<PrismaClient<PrismaClientOptions, never, DefaultArgs>, "$connect" | "$disconnect" | "$on" | "$transaction" | "$use" | "$extends">'. Did you mean 'employees'?
app/api/employees/[id]/route.ts(199,43): error TS2551: Property 'employeess' does not exist on type 'PrismaClient<PrismaClientOptions, never, DefaultArgs>'. Did you mean 'employees'?
app/api/employees/[id]/route.ts(226,20): error TS2551: Property 'employeess' does not exist on type 'Omit<PrismaClient<PrismaClientOptions, never, DefaultArgs>, "$connect" | "$disconnect" | "$on" | "$transaction" | "$use" | "$extends">'. Did you mean 'employees'?
app/api/employees/me/route.ts(18,35): error TS2551: Property 'employeess' does not exist on type 'PrismaClient<PrismaClientOptions, never, DefaultArgs>'. Did you mean 'employees'?
app/api/leave-requests/[id]/approve/route.ts(112,22): error TS2551: Property 'employeess' does not exist on type 'Omit<PrismaClient<PrismaClientOptions, never, DefaultArgs>, "$connect" | "$disconnect" | "$on" | "$transaction" | "$use" | "$extends">'. Did you mean 'employees'?
app/api/leave-requests/[id]/approve/route.ts(113,37): error TS2551: Property 'employeesId' does not exist on type '{ employees: { id: string; createdAt: Date; updatedAt: Date; userId: string; dni: string; firstName: string; lastName: string; birthDate: Date; hireDate: Date; areaId: string; ... 10 more ...; totalAvailableHours: number; }; } & { ...; }'. Did you mean 'employeeId'?
app/api/leave-requests/[id]/approve/route.ts(145,40): error TS2551: Property 'user' does not exist on type '{ Area: { id: string; name: string; description: string | null; createdAt: Date; updatedAt: Date; }; User: { id: string; name: string | null; createdAt: Date; updatedAt: Date; ... 4 more ...; role: UserRole; }; } & { ...; }'. Did you mean 'User'?
app/api/leave-requests/[id]/approve/route.ts(153,54): error TS2551: Property 'user' does not exist on type '{ Area: { id: string; name: string; description: string | null; createdAt: Date; updatedAt: Date; }; User: { id: string; name: string | null; createdAt: Date; updatedAt: Date; ... 4 more ...; role: UserRole; }; } & { ...; }'. Did you mean 'User'?
app/api/leave-requests/[id]/reject/route.ts(78,48): error TS2551: Property 'user' does not exist on type '{ Area: { id: string; name: string; description: string | null; createdAt: Date; updatedAt: Date; }; User: { id: string; name: string | null; createdAt: Date; updatedAt: Date; ... 4 more ...; role: UserRole; }; } & { ...; }'. Did you mean 'User'?
app/api/leave-requests/[id]/reject/route.ts(86,62): error TS2551: Property 'user' does not exist on type '{ Area: { id: string; name: string; description: string | null; createdAt: Date; updatedAt: Date; }; User: { id: string; name: string | null; createdAt: Date; updatedAt: Date; ... 4 more ...; role: UserRole; }; } & { ...; }'. Did you mean 'User'?
app/api/leave-requests/route.ts(30,37): error TS2551: Property 'employeess' does not exist on type 'PrismaClient<PrismaClientOptions, never, DefaultArgs>'. Did you mean 'employees'?
app/api/leave-requests/route.ts(82,35): error TS2551: Property 'employeess' does not exist on type 'PrismaClient<PrismaClientOptions, never, DefaultArgs>'. Did you mean 'employees'?
app/api/leave-requests/route.ts(227,48): error TS2551: Property 'user' does not exist on type '{ Area: { id: string; name: string; description: string | null; createdAt: Date; updatedAt: Date; }; User: { id: string; name: string | null; createdAt: Date; updatedAt: Date; ... 4 more ...; role: UserRole; }; } & { ...; }'. Did you mean 'User'?
app/api/leave-requests/route.ts(228,49): error TS2551: Property 'user' does not exist on type '{ Area: { id: string; name: string; description: string | null; createdAt: Date; updatedAt: Date; }; User: { id: string; name: string | null; createdAt: Date; updatedAt: Date; ... 4 more ...; role: UserRole; }; } & { ...; }'. Did you mean 'User'?
app/api/signup/route.ts(37,7): error TS2322: Type '{ email: any; password: string; name: string; role: "EMPLOYEE"; }' is not assignable to type '(Without<UserCreateInput, UserUncheckedCreateInput> & UserUncheckedCreateInput) | (Without<...> & UserCreateInput)'.
  Type '{ email: any; password: string; name: string; role: "EMPLOYEE"; }' is not assignable to type 'Without<UserUncheckedCreateInput, UserCreateInput> & UserCreateInput'.
    Type '{ email: any; password: string; name: string; role: "EMPLOYEE"; }' is missing the following properties from type 'UserCreateInput': id, updatedAt
lib/auth-options.ts(30,24): error TS2322: Type '{ employee: true; }' is not assignable to type 'UserInclude<DefaultArgs>'.
  Object literal may only specify known properties, but 'employee' does not exist in type 'UserInclude<DefaultArgs>'. Did you mean to write 'employees'?
lib/auth-options.ts(51,40): error TS2339: Property 'employee' does not exist on type '{ id: string; name: string | null; email: string; password: string; emailVerified: Date | null; image: string | null; role: UserRole; createdAt: Date; updatedAt: Date; }'.
lib/auth-options.ts(51,68): error TS2339: Property 'employee' does not exist on type '{ id: string; name: string | null; email: string; password: string; emailVerified: Date | null; image: string | null; role: UserRole; createdAt: Date; updatedAt: Date; }'.
lib/auth-options.ts(53,25): error TS2339: Property 'employee' does not exist on type '{ id: string; name: string | null; email: string; password: string; emailVerified: Date | null; image: string | null; role: UserRole; createdAt: Date; updatedAt: Date; }'.
scripts/seed-development.ts(37,9): error TS1117: An object literal cannot have multiple properties with the same name.
scripts/seed-development.ts(46,9): error TS1117: An object literal cannot have multiple properties with the same name.
scripts/seed-development.ts(55,9): error TS1117: An object literal cannot have multiple properties with the same name.
scripts/seed-development.ts(64,9): error TS1117: An object literal cannot have multiple properties with the same name.
scripts/seed-development.ts(73,9): error TS1117: An object literal cannot have multiple properties with the same name.
scripts/seed-production.ts(42,9): error TS2322: Type '{ name: string; description: string; }' is not assignable to type '(Without<AreaCreateInput, AreaUncheckedCreateInput> & AreaUncheckedCreateInput) | (Without<...> & AreaCreateInput)'.
  Type '{ name: string; description: string; }' is not assignable to type 'Without<AreaUncheckedCreateInput, AreaCreateInput> & AreaCreateInput'.
    Type '{ name: string; description: string; }' is missing the following properties from type 'AreaCreateInput': id, updatedAt
scripts/seed-production.ts(65,7): error TS2322: Type '{ email: string; password: string; name: string; role: "ADMIN"; }' is not assignable to type '(Without<UserCreateInput, UserUncheckedCreateInput> & UserUncheckedCreateInput) | (Without<...> & UserCreateInput)'.
  Type '{ email: string; password: string; name: string; role: "ADMIN"; }' is not assignable to type 'Without<UserUncheckedCreateInput, UserCreateInput> & UserCreateInput'.
    Type '{ email: string; password: string; name: string; role: "ADMIN"; }' is missing the following properties from type 'UserCreateInput': id, updatedAt
scripts/seed-production.ts(74,7): error TS2322: Type '{ userId: string; dni: string; firstName: string; lastName: string; birthDate: Date; hireDate: Date; areaId: string; position: string; phone: string; vacationDays: number; personalHours: number; ... 5 more ...; totalAvailableHours: number; }' is not assignable to type '(Without<employeesCreateInput, employeesUncheckedCreateInput> & employeesUncheckedCreateInput) | (Without<...> & employeesCreateInput)'.
  Type '{ userId: string; dni: string; firstName: string; lastName: string; birthDate: Date; hireDate: Date; areaId: string; position: string; phone: string; vacationDays: number; personalHours: number; ... 5 more ...; totalAvailableHours: number; }' is not assignable to type 'Without<employeesCreateInput, employeesUncheckedCreateInput> & employeesUncheckedCreateInput'.
    Type '{ userId: string; dni: string; firstName: string; lastName: string; birthDate: Date; hireDate: Date; areaId: string; position: string; phone: string; vacationDays: number; personalHours: number; ... 5 more ...; totalAvailableHours: number; }' is missing the following properties from type 'employeesUncheckedCreateInput': id, updatedAt
scripts/seed.ts(23,7): error TS2322: Type '{ name: string; description: string; }' is not assignable to type '(Without<AreaCreateInput, AreaUncheckedCreateInput> & AreaUncheckedCreateInput) | (Without<...> & AreaCreateInput)'.
  Type '{ name: string; description: string; }' is not assignable to type 'Without<AreaUncheckedCreateInput, AreaCreateInput> & AreaCreateInput'.
    Type '{ name: string; description: string; }' is missing the following properties from type 'AreaCreateInput': id, updatedAt
scripts/seed.ts(29,7): error TS2322: Type '{ name: string; description: string; }' is not assignable to type '(Without<AreaCreateInput, AreaUncheckedCreateInput> & AreaUncheckedCreateInput) | (Without<...> & AreaCreateInput)'.
  Type '{ name: string; description: string; }' is not assignable to type 'Without<AreaUncheckedCreateInput, AreaCreateInput> & AreaCreateInput'.
    Type '{ name: string; description: string; }' is missing the following properties from type 'AreaCreateInput': id, updatedAt
scripts/seed.ts(35,7): error TS2322: Type '{ name: string; description: string; }' is not assignable to type '(Without<AreaCreateInput, AreaUncheckedCreateInput> & AreaUncheckedCreateInput) | (Without<...> & AreaCreateInput)'.
  Type '{ name: string; description: string; }' is not assignable to type 'Without<AreaUncheckedCreateInput, AreaCreateInput> & AreaCreateInput'.
    Type '{ name: string; description: string; }' is missing the following properties from type 'AreaCreateInput': id, updatedAt
scripts/seed.ts(41,7): error TS2322: Type '{ name: string; description: string; }' is not assignable to type '(Without<AreaCreateInput, AreaUncheckedCreateInput> & AreaUncheckedCreateInput) | (Without<...> & AreaCreateInput)'.
  Type '{ name: string; description: string; }' is not assignable to type 'Without<AreaUncheckedCreateInput, AreaCreateInput> & AreaCreateInput'.
    Type '{ name: string; description: string; }' is missing the following properties from type 'AreaCreateInput': id, updatedAt
scripts/seed.ts(47,7): error TS2322: Type '{ name: string; description: string; }' is not assignable to type '(Without<AreaCreateInput, AreaUncheckedCreateInput> & AreaUncheckedCreateInput) | (Without<...> & AreaCreateInput)'.
  Type '{ name: string; description: string; }' is not assignable to type 'Without<AreaUncheckedCreateInput, AreaCreateInput> & AreaCreateInput'.
    Type '{ name: string; description: string; }' is missing the following properties from type 'AreaCreateInput': id, updatedAt
scripts/seed.ts(62,5): error TS2322: Type '{ email: string; password: string; name: string; role: "ADMIN"; }' is not assignable to type '(Without<UserCreateInput, UserUncheckedCreateInput> & UserUncheckedCreateInput) | (Without<...> & UserCreateInput)'.
  Type '{ email: string; password: string; name: string; role: "ADMIN"; }' is not assignable to type 'Without<UserUncheckedCreateInput, UserCreateInput> & UserCreateInput'.
    Type '{ email: string; password: string; name: string; role: "ADMIN"; }' is missing the following properties from type 'UserCreateInput': id, updatedAt
scripts/seed.ts(71,5): error TS2322: Type '{ userId: string; dni: string; firstName: string; lastName: string; birthDate: Date; hireDate: Date; areaId: string; position: string; phone: string; vacationDays: number; personalHours: number; ... 5 more ...; totalAvailableHours: number; }' is not assignable to type '(Without<employeesCreateInput, employeesUncheckedCreateInput> & employeesUncheckedCreateInput) | (Without<...> & employeesCreateInput)'.
  Type '{ userId: string; dni: string; firstName: string; lastName: string; birthDate: Date; hireDate: Date; areaId: string; position: string; phone: string; vacationDays: number; personalHours: number; ... 5 more ...; totalAvailableHours: number; }' is not assignable to type 'Without<employeesCreateInput, employeesUncheckedCreateInput> & employeesUncheckedCreateInput'.
    Type '{ userId: string; dni: string; firstName: string; lastName: string; birthDate: Date; hireDate: Date; areaId: string; position: string; phone: string; vacationDays: number; personalHours: number; ... 5 more ...; totalAvailableHours: number; }' is missing the following properties from type 'employeesUncheckedCreateInput': id, updatedAt
scripts/seed.ts(187,7): error TS2322: Type '{ email: string; password: string; name: string; role: "EMPLOYEE"; }' is not assignable to type '(Without<UserCreateInput, UserUncheckedCreateInput> & UserUncheckedCreateInput) | (Without<...> & UserCreateInput)'.
  Type '{ email: string; password: string; name: string; role: "EMPLOYEE"; }' is not assignable to type 'Without<UserUncheckedCreateInput, UserCreateInput> & UserCreateInput'.
    Type '{ email: string; password: string; name: string; role: "EMPLOYEE"; }' is missing the following properties from type 'UserCreateInput': id, updatedAt
scripts/seed.ts(196,7): error TS2322: Type '{ userId: string; dni: string; firstName: string; lastName: string; birthDate: Date; hireDate: Date; areaId: string; position: string; phone: string; totalVacationDays: number; totalPersonalHours: number; totalRemoteHours: number; totalAvailableHours: number; }' is not assignable to type '(Without<employeesCreateInput, employeesUncheckedCreateInput> & employeesUncheckedCreateInput) | (Without<...> & employeesCreateInput)'.
  Type '{ userId: string; dni: string; firstName: string; lastName: string; birthDate: Date; hireDate: Date; areaId: string; position: string; phone: string; totalVacationDays: number; totalPersonalHours: number; totalRemoteHours: number; totalAvailableHours: number; }' is not assignable to type 'Without<employeesCreateInput, employeesUncheckedCreateInput> & employeesUncheckedCreateInput'.
    Type '{ userId: string; dni: string; firstName: string; lastName: string; birthDate: Date; hireDate: Date; areaId: string; position: string; phone: string; totalVacationDays: number; totalPersonalHours: number; totalRemoteHours: number; totalAvailableHours: number; }' is missing the following properties from type 'employeesUncheckedCreateInput': id, updatedAt
scripts/test-login.ts(14,18): error TS2322: Type '{ employee: true; }' is not assignable to type 'UserInclude<DefaultArgs>'.
  Object literal may only specify known properties, but 'employee' does not exist in type 'UserInclude<DefaultArgs>'. Did you mean to write 'employees'?
scripts/test-login.ts(43,14): error TS2339: Property 'employee' does not exist on type '{ id: string; name: string | null; email: string; password: string; emailVerified: Date | null; image: string | null; role: UserRole; createdAt: Date; updatedAt: Date; }'.
scripts/test-login.ts(45,38): error TS2339: Property 'employee' does not exist on type '{ id: string; name: string | null; email: string; password: string; emailVerified: Date | null; image: string | null; role: UserRole; createdAt: Date; updatedAt: Date; }'.
scripts/test-login.ts(45,63): error TS2339: Property 'employee' does not exist on type '{ id: string; name: string | null; email: string; password: string; emailVerified: Date | null; image: string | null; role: UserRole; createdAt: Date; updatedAt: Date; }'.
scripts/test-login.ts(46,35): error TS2339: Property 'employee' does not exist on type '{ id: string; name: string | null; email: string; password: string; emailVerified: Date | null; image: string | null; role: UserRole; createdAt: Date; updatedAt: Date; }'.
scripts/test-login.ts(47,36): error TS2339: Property 'employee' does not exist on type '{ id: string; name: string | null; email: string; password: string; emailVerified: Date | null; image: string | null; role: UserRole; createdAt: Date; updatedAt: Date; }'.
scripts/test-login.ts(48,40): error TS2339: Property 'employee' does not exist on type '{ id: string; name: string | null; email: string; password: string; emailVerified: Date | null; image: string | null; role: UserRole; createdAt: Date; updatedAt: Date; }'.
scripts/verify-admin.ts(16,7): error TS2322: Type '{ employee: true; }' is not assignable to type 'UserInclude<DefaultArgs>'.
  Object literal may only specify known properties, but 'employee' does not exist in type 'UserInclude<DefaultArgs>'. Did you mean to write 'employees'?
scripts/verify-admin.ts(32,17): error TS2339: Property 'employee' does not exist on type '{ id: string; name: string | null; email: string; password: string; emailVerified: Date | null; image: string | null; role: UserRole; createdAt: Date; updatedAt: Date; }'.
scripts/verify-admin.ts(33,52): error TS2339: Property 'employee' does not exist on type '{ id: string; name: string | null; email: string; password: string; emailVerified: Date | null; image: string | null; role: UserRole; createdAt: Date; updatedAt: Date; }'.
scripts/verify-admin.ts(33,82): error TS2339: Property 'employee' does not exist on type '{ id: string; name: string | null; email: string; password: string; emailVerified: Date | null; image: string | null; role: UserRole; createdAt: Date; updatedAt: Date; }'.
exit_code=2
