components/edit-employee-form.tsx(636,20): error TS2552: Cannot find name 'Clock'. Did you mean 'Lock'?
components/edit-employee-form.tsx(654,20): error TS2552: Cannot find name 'Clock'. Did you mean 'Lock'?
components/edit-employee-form.tsx(672,20): error TS2552: Cannot find name 'Clock'. Did you mean 'Lock'?
components/new-employee-form.tsx(614,20): error TS2552: Cannot find name 'Clock'. Did you mean 'Lock'?
components/new-employee-form.tsx(632,20): error TS2552: Cannot find name 'Clock'. Did you mean 'Lock'?
components/new-employee-form.tsx(650,20): error TS2552: Cannot find name 'Clock'. Did you mean 'Lock'?
exit_code=2
