app/api/employees/[id]/documents/[docId]/route.ts(3,38): error TS2307: Cannot find module '../../../../../lib/auth' or its corresponding type declarations.
app/api/employees/[id]/documents/[docId]/route.ts(4,24): error TS2307: Cannot find module '../../../../../lib/db' or its corresponding type declarations.
app/api/employees/[id]/documents/route.ts(3,38): error TS2307: Cannot find module '../../../../lib/auth' or its corresponding type declarations.
app/api/employees/[id]/documents/route.ts(4,24): error TS2307: Cannot find module '../../../../lib/db' or its corresponding type declarations.
app/api/employees/[id]/photo/route.ts(3,38): error TS2307: Cannot find module '../../../../lib/auth' or its corresponding type declarations.
app/api/employees/[id]/photo/route.ts(4,24): error TS2307: Cannot find module '../../../../lib/db' or its corresponding type declarations.
exit_code=2
