.next/types/app/test-login/page.ts(2,24): error TS2307: Cannot find module '../../../../app/test-login/page.js' or its corresponding type declarations.
.next/types/app/test-login/page.ts(5,29): error TS2307: Cannot find module '../../../../app/test-login/page.js' or its corresponding type declarations.
exit_code=2
